# JRE version: OpenJDK Runtime Environment (8.0_152-b01) (build 1.8.0_152-release-1024-b01)
# Java VM: OpenJDK 64-Bit Server VM (25.152-b01 mixed mode linux-amd64 compressed oops)
Heap:
 PSYoungGen      total 317952K, used 21624K [0x00000000eab00000, 0x00000000ffd00000, 0x0000000100000000)
  eden space 288768K, 3% used [0x00000000eab00000,0x00000000eb4deb50,0x00000000fc500000)
  from space 29184K, 39% used [0x00000000fc500000,0x00000000fd03f628,0x00000000fe180000)
  to   space 27648K, 0% used [0x00000000fe200000,0x00000000fe200000,0x00000000ffd00000)
 ParOldGen       total 336384K, used 70537K [0x00000000c0000000, 0x00000000d4880000, 0x00000000eab00000)
  object space 336384K, 20% used [0x00000000c0000000,0x00000000c44e24e0,0x00000000d4880000)
 Metaspace       used 96992K, capacity 104016K, committed 104140K, reserved 1140736K
  class space    used 12086K, capacity 13475K, committed 13556K, reserved 1048576K
GC Heap History (10 events):
Event: 1326.610 GC heap before
{Heap before GC invocations=49 (full 4):
 PSYoungGen      total 315904K, used 293182K [0x00000000eab00000, 0x00000000ffe00000, 0x0000000100000000)
  eden space 284672K, 100% used [0x00000000eab00000,0x00000000fc100000,0x00000000fc100000)
  from space 31232K, 27% used [0x00000000fdf00000,0x00000000fe74fba0,0x00000000ffd80000)
  to   space 30720K, 0% used [0x00000000fc100000,0x00000000fc100000,0x00000000fdf00000)
 ParOldGen       total 336384K, used 70281K [0x00000000c0000000, 0x00000000d4880000, 0x00000000eab00000)
  object space 336384K, 20% used [0x00000000c0000000,0x00000000c44a24e0,0x00000000d4880000)
 Metaspace       used 96844K, capacity 103836K, committed 104140K, reserved 1140736K
  class space    used 12076K, capacity 13457K, committed 13556K, reserved 1048576K
Event: 1326.625 GC heap after
Heap after GC invocations=49 (full 4):
 PSYoungGen      total 315392K, used 7721K [0x00000000eab00000, 0x00000000fff80000, 0x0000000100000000)
  eden space 284672K, 0% used [0x00000000eab00000,0x00000000eab00000,0x00000000fc100000)
  from space 30720K, 25% used [0x00000000fc100000,0x00000000fc88a470,0x00000000fdf00000)
  to   space 30720K, 0% used [0x00000000fe180000,0x00000000fe180000,0x00000000fff80000)
 ParOldGen       total 336384K, used 70425K [0x00000000c0000000, 0x00000000d4880000, 0x00000000eab00000)
  object space 336384K, 20% used [0x00000000c0000000,0x00000000c44c64e0,0x00000000d4880000)
 Metaspace       used 96844K, capacity 103836K, committed 104140K, reserved 1140736K
  class space    used 12076K, capacity 13457K, committed 13556K, reserved 1048576K
}
Event: 1327.084 GC heap before
{Heap before GC invocations=50 (full 4):
 PSYoungGen      total 315392K, used 292393K [0x00000000eab00000, 0x00000000fff80000, 0x0000000100000000)
  eden space 284672K, 100% used [0x00000000eab00000,0x00000000fc100000,0x00000000fc100000)
  from space 30720K, 25% used [0x00000000fc100000,0x00000000fc88a470,0x00000000fdf00000)
  to   space 30720K, 0% used [0x00000000fe180000,0x00000000fe180000,0x00000000fff80000)
 ParOldGen       total 336384K, used 70425K [0x00000000c0000000, 0x00000000d4880000, 0x00000000eab00000)
  object space 336384K, 20% used [0x00000000c0000000,0x00000000c44c64e0,0x00000000d4880000)
 Metaspace       used 96852K, capacity 103836K, committed 104140K, reserved 1140736K
  class space    used 12076K, capacity 13457K, committed 13556K, reserved 1048576K
Event: 1327.089 GC heap after
Heap after GC invocations=50 (full 4):
 PSYoungGen      total 317952K, used 7303K [0x00000000eab00000, 0x00000000fff00000, 0x0000000100000000)
  eden space 287744K, 0% used [0x00000000eab00000,0x00000000eab00000,0x00000000fc400000)
  from space 30208K, 24% used [0x00000000fe180000,0x00000000fe8a1c20,0x00000000fff00000)
  to   space 30208K, 0% used [0x00000000fc400000,0x00000000fc400000,0x00000000fe180000)
 ParOldGen       total 336384K, used 70537K [0x00000000c0000000, 0x00000000d4880000, 0x00000000eab00000)
  object space 336384K, 20% used [0x00000000c0000000,0x00000000c44e24e0,0x00000000d4880000)
 Metaspace       used 96852K, capacity 103836K, committed 104140K, reserved 1140736K
  class space    used 12076K, capacity 13457K, committed 13556K, reserved 1048576K
}
Event: 1328.021 GC heap before
{Heap before GC invocations=51 (full 4):
 PSYoungGen      total 317952K, used 295010K [0x00000000eab00000, 0x00000000fff00000, 0x0000000100000000)
  eden space 287744K, 99% used [0x00000000eab00000,0x00000000fc3f6c10,0x00000000fc400000)
  from space 30208K, 24% used [0x00000000fe180000,0x00000000fe8a1c20,0x00000000fff00000)
  to   space 30208K, 0% used [0x00000000fc400000,0x00000000fc400000,0x00000000fe180000)
 ParOldGen       total 336384K, used 70537K [0x00000000c0000000, 0x00000000d4880000, 0x00000000eab00000)
  object space 336384K, 20% used [0x00000000c0000000,0x00000000c44e24e0,0x00000000d4880000)
 Metaspace       used 96922K, capacity 103948K, committed 104140K, reserved 1140736K
  class space    used 12086K, capacity 13475K, committed 13556K, reserved 1048576K
Event: 1328.029 GC heap after
Heap after GC invocations=51 (full 4):
 PSYoungGen      total 317952K, used 11578K [0x00000000eab00000, 0x00000000ffe00000, 0x0000000100000000)
  eden space 287744K, 0% used [0x00000000eab00000,0x00000000eab00000,0x00000000fc400000)
  from space 30208K, 38% used [0x00000000fc400000,0x00000000fcf4e840,0x00000000fe180000)
  to   space 29184K, 0% used [0x00000000fe180000,0x00000000fe180000,0x00000000ffe00000)
 ParOldGen       total 336384K, used 70537K [0x00000000c0000000, 0x00000000d4880000, 0x00000000eab00000)
  object space 336384K, 20% used [0x00000000c0000000,0x00000000c44e24e0,0x00000000d4880000)
 Metaspace       used 96922K, capacity 103948K, committed 104140K, reserved 1140736K
  class space    used 12086K, capacity 13475K, committed 13556K, reserved 1048576K
}
Event: 1337.047 GC heap before
{Heap before GC invocations=52 (full 4):
 PSYoungGen      total 317952K, used 299322K [0x00000000eab00000, 0x00000000ffe00000, 0x0000000100000000)
  eden space 287744K, 100% used [0x00000000eab00000,0x00000000fc400000,0x00000000fc400000)
  from space 30208K, 38% used [0x00000000fc400000,0x00000000fcf4e840,0x00000000fe180000)
  to   space 29184K, 0% used [0x00000000fe180000,0x00000000fe180000,0x00000000ffe00000)
 ParOldGen       total 336384K, used 70537K [0x00000000c0000000, 0x00000000d4880000, 0x00000000eab00000)
  object space 336384K, 20% used [0x00000000c0000000,0x00000000c44e24e0,0x00000000d4880000)
 Metaspace       used 96975K, capacity 104016K, committed 104140K, reserved 1140736K
  class space    used 12086K, capacity 13475K, committed 13556K, reserved 1048576K
Event: 1337.056 GC heap after
Heap after GC invocations=52 (full 4):
 PSYoungGen      total 317952K, used 5456K [0x00000000eab00000, 0x00000000fff00000, 0x0000000100000000)
  eden space 288768K, 0% used [0x00000000eab00000,0x00000000eab00000,0x00000000fc500000)
  from space 29184K, 18% used [0x00000000fe180000,0x00000000fe6d4070,0x00000000ffe00000)
  to   space 29184K, 0% used [0x00000000fc500000,0x00000000fc500000,0x00000000fe180000)
 ParOldGen       total 336384K, used 70537K [0x00000000c0000000, 0x00000000d4880000, 0x00000000eab00000)
  object space 336384K, 20% used [0x00000000c0000000,0x00000000c44e24e0,0x00000000d4880000)
 Metaspace       used 96975K, capacity 104016K, committed 104140K, reserved 1140736K
  class space    used 12086K, capacity 13475K, committed 13556K, reserved 1048576K
}
Event: 1337.425 GC heap before
{Heap before GC invocations=53 (full 4):
 PSYoungGen      total 317952K, used 294224K [0x00000000eab00000, 0x00000000fff00000, 0x0000000100000000)
  eden space 288768K, 100% used [0x00000000eab00000,0x00000000fc500000,0x00000000fc500000)
  from space 29184K, 18% used [0x00000000fe180000,0x00000000fe6d4070,0x00000000ffe00000)
  to   space 29184K, 0% used [0x00000000fc500000,0x00000000fc500000,0x00000000fe180000)
 ParOldGen       total 336384K, used 70537K [0x00000000c0000000, 0x00000000d4880000, 0x00000000eab00000)
  object space 336384K, 20% used [0x00000000c0000000,0x00000000c44e24e0,0x00000000d4880000)
 Metaspace       used 96992K, capacity 104016K, committed 104140K, reserved 1140736K
  class space    used 12086K, capacity 13475K, committed 13556K, reserved 1048576K
Event: 1337.435 GC heap after
Heap after GC invocations=53 (full 4):
 PSYoungGen      total 317952K, used 11517K [0x00000000eab00000, 0x00000000ffd00000, 0x0000000100000000)
  eden space 288768K, 0% used [0x00000000eab00000,0x00000000eab00000,0x00000000fc500000)
  from space 29184K, 39% used [0x00000000fc500000,0x00000000fd03f628,0x00000000fe180000)
  to   space 27648K, 0% used [0x00000000fe200000,0x00000000fe200000,0x00000000ffd00000)
 ParOldGen       total 336384K, used 70537K [0x00000000c0000000, 0x00000000d4880000, 0x00000000eab00000)
  object space 336384K, 20% used [0x00000000c0000000,0x00000000c44e24e0,0x00000000d4880000)
 Metaspace       used 96992K, capacity 104016K, committed 104140K, reserved 1140736K
  class space    used 12086K, capacity 13475K, committed 13556K, reserved 1048576K
}

